<?xml version="1.0" encoding="UTF-8"?>
<!-- Generated by org.testng.reporters.JUnitReportReporter -->
<testsuite skipped="0" hostname="HPDB0273" name="AdvanceTatocTest.TatocAdvanceCourseTest" tests="1" failures="0" timestamp="26 Jun 2018 11:43:14 GMT" time="0.293" errors="0">
  <testcase name="checkAfterClickingAdvanceCourse" time="0.293" classname="AdvanceTatocTest.TatocAdvanceCourseTest"/>
</testsuite> <!-- AdvanceTatocTest.TatocAdvanceCourseTest -->
