<?xml version="1.0" encoding="UTF-8"?>
<!-- Generated by org.testng.reporters.JUnitReportReporter -->
<testsuite skipped="0" hostname="HPDB0273" name="AdvanceTatocTest.TatocAdvanceCourseTest" tests="5" failures="0" timestamp="28 Jun 2018 11:41:17 GMT" time="10.618" errors="0">
  <testcase name="checkAfterDownloadingFileAndAddingSignature" time="5.507" classname="AdvanceTatocTest.TatocAdvanceCourseTest"/>
  <testcase name="checkAfterClickingAdvanceCourse" time="0.480" classname="AdvanceTatocTest.TatocAdvanceCourseTest"/>
  <testcase name="checkAfterGettingTokenForCurrentSessionIdAndRegisterRestService" time="3.187" classname="AdvanceTatocTest.TatocAdvanceCourseTest"/>
  <testcase name="checkAfterRetrievingValidDataFromDatabaseAbdSubmittingInQueryGatePage" time="1.150" classname="AdvanceTatocTest.TatocAdvanceCourseTest"/>
  <testcase name="checkAfterClickingGonextInMenu2InHoverPage" time="0.294" classname="AdvanceTatocTest.TatocAdvanceCourseTest"/>
</testsuite> <!-- AdvanceTatocTest.TatocAdvanceCourseTest -->
